<?xml version="1.0" encoding="UTF-8"?>
<testng-results skipped="0" failed="0" ignored="0" total="1" passed="1">
  <reporter-output>
  </reporter-output>
  <suite name="elaachiV2" duration-ms="69737" started-at="2021-04-03T08:08:41Z" finished-at="2021-04-03T08:09:51Z">
    <groups>
    </groups>
    <test name="RestaurantApp test" duration-ms="69737" started-at="2021-04-03T08:08:41Z" finished-at="2021-04-03T08:09:51Z">
      <class name="com.elaachiV2.testCases.TC_LoginTest_001">
        <test-method status="PASS" signature="setup(java.lang.String)[pri:0, instance:com.elaachiV2.testCases.TC_LoginTest_001@30c7da1e]" name="setup" is-config="true" duration-ms="51313" started-at="2021-04-03T08:08:42Z" finished-at="2021-04-03T08:09:33Z">
          <params>
            <param index="0">
              <value>
                <![CDATA[chrome]]>
              </value>
            </param>
          </params>
          <reporter-output>
          </reporter-output>
        </test-method> <!-- setup -->
        <test-method status="PASS" signature="LoginTest()[pri:0, instance:com.elaachiV2.testCases.TC_LoginTest_001@30c7da1e]" name="LoginTest" duration-ms="11380" started-at="2021-04-03T08:09:33Z" finished-at="2021-04-03T08:09:45Z">
          <reporter-output>
          </reporter-output>
        </test-method> <!-- LoginTest -->
        <test-method status="PASS" signature="tearDown()[pri:0, instance:com.elaachiV2.testCases.TC_LoginTest_001@30c7da1e]" name="tearDown" is-config="true" duration-ms="6195" started-at="2021-04-03T08:09:45Z" finished-at="2021-04-03T08:09:51Z">
          <reporter-output>
          </reporter-output>
        </test-method> <!-- tearDown -->
      </class> <!-- com.elaachiV2.testCases.TC_LoginTest_001 -->
    </test> <!-- RestaurantApp test -->
  </suite> <!-- elaachiV2 -->
</testng-results>
