<?xml version="1.0" encoding="UTF-8"?>
<testng-results skipped="0" failed="0" ignored="0" total="1" passed="1">
  <reporter-output>
  </reporter-output>
  <suite name="elaachiV2" duration-ms="64872" started-at="2021-03-30T08:40:36Z" finished-at="2021-03-30T08:41:41Z">
    <groups>
    </groups>
    <test name="RestaurantApp test" duration-ms="64872" started-at="2021-03-30T08:40:36Z" finished-at="2021-03-30T08:41:41Z">
      <class name="com.elaachiV2.testCases.TC_LoginTest_001">
        <test-method status="PASS" signature="setup(java.lang.String)[pri:0, instance:com.elaachiV2.testCases.TC_LoginTest_001@1a968a59]" name="setup" is-config="true" duration-ms="48259" started-at="2021-03-30T08:40:36Z" finished-at="2021-03-30T08:41:24Z">
          <params>
            <param index="0">
              <value>
                <![CDATA[chrome]]>
              </value>
            </param>
          </params>
          <reporter-output>
          </reporter-output>
        </test-method> <!-- setup -->
        <test-method status="PASS" signature="LoginTest()[pri:0, instance:com.elaachiV2.testCases.TC_LoginTest_001@1a968a59]" name="LoginTest" duration-ms="10498" started-at="2021-03-30T08:41:24Z" finished-at="2021-03-30T08:41:35Z">
          <reporter-output>
          </reporter-output>
        </test-method> <!-- LoginTest -->
        <test-method status="PASS" signature="tearDown()[pri:0, instance:com.elaachiV2.testCases.TC_LoginTest_001@1a968a59]" name="tearDown" is-config="true" duration-ms="5865" started-at="2021-03-30T08:41:35Z" finished-at="2021-03-30T08:41:41Z">
          <reporter-output>
          </reporter-output>
        </test-method> <!-- tearDown -->
      </class> <!-- com.elaachiV2.testCases.TC_LoginTest_001 -->
    </test> <!-- RestaurantApp test -->
  </suite> <!-- elaachiV2 -->
</testng-results>
